<?xml version="1.0" encoding="UTF-8"?>
<testng-results skipped="0" failed="0" ignored="0" total="1" passed="1">
  <reporter-output>
  </reporter-output>
  <suite name="Default suite" duration-ms="218" started-at="2020-04-01T08:26:34Z" finished-at="2020-04-01T08:26:34Z">
    <groups>
    </groups>
    <test name="Default test" duration-ms="218" started-at="2020-04-01T08:26:34Z" finished-at="2020-04-01T08:26:34Z">
      <class name="Test.TestHello">
        <test-method status="PASS" signature="myTest()[pri:0, instance:Test.TestHello@8e7350]" name="myTest" duration-ms="50" started-at="2020-04-01T13:56:34Z" finished-at="2020-04-01T13:56:34Z">
          <reporter-output>
          </reporter-output>
        </test-method> <!-- myTest -->
      </class> <!-- Test.TestHello -->
    </test> <!-- Default test -->
  </suite> <!-- Default suite -->
</testng-results>
